[2025-04-22 14:33:49] Get all students
[2025-04-22 14:36:36] Get all students
[2025-04-22 14:36:44] Add students
[2025-04-22 14:36:44] Email: djaiodj.iodjasioj@student.ua
[2025-04-22 14:36:44] Password: iodjasioj
[2025-04-22 14:36:44] Get all students
[2025-04-22 14:37:29] Get all students
[2025-04-22 14:38:11] Get all students
[2025-04-22 14:38:52] Get all students
[2025-04-22 14:39:34] Get all students
[2025-04-22 14:40:12] Get all students
[2025-04-22 14:41:36] Get all students
[2025-04-22 14:43:18] Get all students
[2025-04-22 14:44:07] Get all students
[2025-04-22 14:46:21] Get all students
[2025-04-22 14:46:26] Get all students
[2025-04-22 14:46:29] Get all students
[2025-04-22 15:48:34] Get all students
[2025-04-22 15:48:38] Get all students
[2025-04-22 15:50:44] Get all students
[2025-04-22 15:50:48] Get all students
[2025-04-22 16:25:48] Get all students
[2025-04-22 16:27:50] Get all students
[2025-04-22 16:29:02] Get all students
[2025-04-22 16:29:18] Get all students
[2025-04-22 16:29:31] Get all students
[2025-04-22 16:29:37] Get all students
[2025-04-22 16:29:40] Get all students
[2025-04-22 16:32:22] Get all students
[2025-04-22 16:32:50] Get all students
[2025-04-22 16:33:10] Get all students
[2025-04-22 16:33:22] Get all students
[2025-04-22 16:33:48] Get all students
[2025-04-22 16:33:52] Get all students
[2025-04-22 16:34:24] Get all students
[2025-04-22 16:35:13] Get all students
[2025-04-22 16:40:29] Get all students
[2025-04-22 16:43:34] Get all students
[2025-04-22 16:49:49] Get all students
[2025-04-22 17:07:54] Get all students
[2025-04-22 17:22:40] Get all students
[2025-04-22 17:22:59] Get all students
[2025-04-22 17:27:02] Get all students
[2025-04-22 17:32:05] Get all students
[2025-04-22 17:49:53] Get all students
[2025-04-22 17:50:03] Get all students
[2025-04-22 17:50:08] Get all students
[2025-04-22 17:54:33] Get all students
[2025-04-22 17:56:43] Get all students
[2025-04-22 17:57:05] Add students
[2025-04-22 17:57:05] Email: test.testtest@student.ua
[2025-04-22 17:57:05] Password: testtest
[2025-04-22 17:57:05] Get all students
[2025-04-22 17:57:06] Get all students
[2025-04-22 17:57:34] Get all students
[2025-04-22 17:57:37] Get all students
[2025-04-22 17:57:50] Get all students
[2025-04-22 17:59:01] Get all students
[2025-04-22 17:59:32] Get all students
[2025-04-22 17:59:49] Get all students
[2025-04-22 18:02:25] Get all students
[2025-04-22 18:02:27] Get all students
[2025-04-22 18:03:08] Get all students
[2025-04-22 18:18:40] Get all students
[2025-04-22 18:19:13] Get all students
[2025-04-22 18:19:20] Get all students
[2025-04-22 18:19:21] Get all students
[2025-04-22 18:19:22] Get all students
[2025-04-22 18:19:22] Get all students
[2025-04-22 18:19:22] Get all students
[2025-04-22 18:19:51] Get all students
[2025-04-22 18:19:53] Get all students
[2025-04-22 18:20:00] Get all students
[2025-04-22 18:20:01] Get all students
[2025-04-22 18:20:02] Get all students
[2025-04-22 18:20:02] Get all students
[2025-04-22 19:53:05] Get all students
[2025-04-22 19:53:14] Get all students
[2025-04-22 19:53:23] Get all students
[2025-04-22 19:54:09] Add students
[2025-04-22 19:54:09] Email: fadfafa.dasdasdas@student.ua
[2025-04-22 19:54:09] Password: dasdasdas
[2025-04-22 19:54:09] Get all students
[2025-04-22 19:54:10] Get all students
[2025-04-22 19:54:11] Get all students
[2025-04-22 19:58:21] Get all students
[2025-04-22 19:58:49] Add students
[2025-04-22 19:58:49] Email: dasads.dasdqw@student.ua
[2025-04-22 19:58:49] Password: dasdqw
[2025-04-22 19:58:49] Get all students
[2025-04-22 19:58:51] Get all students
[2025-04-22 20:26:53] Get all students
[2025-04-22 20:27:07] Get all students
[2025-04-22 20:27:09] Get all students
[2025-04-22 20:52:35] Get all students
[2025-04-22 20:57:13] Get all students
[2025-04-23 07:32:01] Get all students
[2025-04-23 07:32:40] Get all students
[2025-04-23 07:34:47] Get all students
[2025-04-23 07:35:38] Get all students
[2025-04-23 07:36:07] Get all students
[2025-04-23 07:36:08] Get all students
[2025-04-23 07:37:44] Get all students
[2025-04-23 07:41:53] Get all students
[2025-04-23 07:41:59] Get all students
[2025-04-23 07:47:54] Get all students
[2025-04-23 07:48:17] Add students
[2025-04-23 07:48:17] Email: bombombini.gussini@student.ua
[2025-04-23 07:48:17] Password: gussini
[2025-04-23 07:51:21] Get all students
[2025-04-23 07:53:16] Add students
[2025-04-23 07:53:16] Email: bormordiro.crocodilo@student.ua
[2025-04-23 07:53:16] Password: crocodilo
[2025-04-23 07:53:16] Get all students
[2025-04-23 07:53:49] Get all students
[2025-04-23 07:56:06] Get all students
[2025-04-23 07:56:16] Get all students
[2025-04-23 07:59:21] Get all students
[2025-04-23 07:59:23] Get all students
[2025-04-23 07:59:36] Get all students
[2025-04-23 08:12:08] Get all students
[2025-04-23 08:12:14] Get all students
[2025-04-23 08:12:24] Get all students
[2025-04-23 08:12:54] Get all students
[2025-04-23 08:13:33] Get all students
[2025-04-23 08:13:34] Get all students
[2025-04-23 08:13:35] Get all students
[2025-04-23 08:13:48] Get all students
[2025-04-23 08:14:20] Get all students
[2025-04-23 08:14:40] Get all students
[2025-04-23 08:19:20] Get all students
[2025-04-23 08:19:21] Get all students
[2025-04-23 08:19:22] Get all students
[2025-04-23 08:19:22] Get all students
[2025-04-23 08:19:22] Get all students
[2025-04-23 08:19:23] Get all students
[2025-04-23 08:19:24] Get all students
[2025-04-23 08:19:30] Get all students
[2025-04-23 08:23:42] Get all students
[2025-04-23 08:23:49] Get all students
[2025-04-23 08:29:29] Get all students
[2025-04-23 08:29:42] Get all students
[2025-04-23 08:33:23] Get all students
[2025-04-23 08:33:34] Edit student function called
[2025-04-23 08:33:34] Student ID: 
[2025-04-23 08:33:34] Data received: {"id":"","studygroup":"PZ-25","firstname":"testtest","lastname":"testtest","gender":"Male","birthday":"2000-12-12"}
[2025-04-23 08:33:34] Get all students
[2025-04-23 08:34:47] Get all students
[2025-04-23 08:34:54] POST | Edit student function called in Tables.php
[2025-04-23 08:34:54] Student ID: 
[2025-04-23 08:34:54] Data received: null
[2025-04-23 08:34:54] Edit student function called in Table.php
[2025-04-23 08:34:54] Student ID: 
[2025-04-23 08:34:54] Data received: {"id":"","studygroup":"PZ-24","firstname":"fafafa","lastname":"dasdasdas","gender":"Male","birthday":"2000-12-12"}
[2025-04-23 08:34:54] Get all students
[2025-04-23 08:35:56] POST | Edit student function called in Tables.php
[2025-04-23 08:35:56] Student ID: 
[2025-04-23 08:35:56] Data received: null
[2025-04-23 08:35:56] Edit student function called in Table.php
[2025-04-23 08:35:56] Student ID: 
[2025-04-23 08:35:56] Data received: {"id":"","studygroup":"PZ-25","firstname":"test","lastname":"tes","gender":"Male","birthday":"2000-12-12"}
[2025-04-23 08:35:56] Get all students
[2025-04-23 08:36:40] Get all students
[2025-04-23 08:37:42] POST | Edit student function called in Tables.php
[2025-04-23 08:37:42] Student ID: 
[2025-04-23 08:37:42] Data received: null
[2025-04-23 08:37:42] Edit student function called in Table.php
[2025-04-23 08:37:42] Student ID: 
[2025-04-23 08:37:42] Data received: {"id":"","studygroup":"PZ-25","firstname":"testrwdsa","lastname":"testtest","gender":"Male","birthday":"2000-12-12"}
[2025-04-23 08:37:42] Get all students
[2025-04-23 08:39:49] Get all students
[2025-04-23 08:39:52] Get all students
[2025-04-23 08:40:03] POST | Edit student function called in Tables.php
[2025-04-23 08:40:03] Student ID: 
[2025-04-23 08:40:03] Data received: null
[2025-04-23 08:40:03] Edit student function called in Table.php
[2025-04-23 08:40:03] Student ID: 
[2025-04-23 08:40:03] Data received: {"id":"","studygroup":"PZ-26","firstname":"test","lastname":"test","gender":"Male","birthday":"2000-12-12"}
[2025-04-23 08:40:03] Get all students
[2025-04-23 08:43:38] Get all students
[2025-04-23 08:43:48] POST | Edit student function called in Tables.php
[2025-04-23 08:43:48] Student ID: 
[2025-04-23 08:43:48] Data received: null
[2025-04-23 08:43:48] Edit student function called in Table.php
[2025-04-23 08:43:48] Student ID: 
[2025-04-23 08:43:48] Data received: {"id":"","studygroup":"PZ-26","firstname":"test","lastname":"test","gender":"Male","birthday":"2000-12-12"}
[2025-04-23 08:43:48] Get all students
[2025-04-23 08:50:58] Get all students
[2025-04-23 08:51:06] POST | Edit student function called in Tables.php
[2025-04-23 08:51:06] Student ID: 
[2025-04-23 08:51:06] Data received: null
[2025-04-23 08:51:06] Edit student function called in Table.php
[2025-04-23 08:51:06] Student ID: 22
[2025-04-23 08:51:06] Data received: {"id":"22","studygroup":"PZ-24","firstname":"test","lastname":"test","gender":"Male","birthday":"2000-12-12"}
[2025-04-23 08:51:06] Get all students
[2025-04-23 08:51:34] Get all students
[2025-04-23 08:54:57] Get all students
[2025-04-23 08:55:01] Get all students
[2025-04-23 08:55:09] Get all students
[2025-04-23 08:55:40] Get all students
[2025-04-23 08:55:44] Get all students
[2025-04-23 08:55:45] Get all students
[2025-04-23 08:55:51] Get all students
[2025-04-23 08:55:52] Get all students
[2025-04-23 08:58:01] Get all students
[2025-04-23 11:40:34] Get all students
[2025-04-23 12:01:27] Get paginated students - Page: 1, Per Page: 10
[2025-04-23 12:02:45] Get paginated students - Page: 1, Per Page: 10
[2025-04-23 12:02:59] Get paginated students - Page: 1, Per Page: 10
[2025-04-23 12:02:59] Get paginated students - Page: 1, Per Page: 10
[2025-04-23 12:03:00] Get paginated students - Page: 1, Per Page: 10
[2025-04-23 12:03:00] Get paginated students - Page: 1, Per Page: 10
[2025-04-23 12:03:29] Add students
[2025-04-23 12:03:29] Email: jdaoi.doijsa@student.ua
[2025-04-23 12:03:29] Password: doijsa
[2025-04-23 12:03:29] Get paginated students - Page: 1, Per Page: 10
[2025-04-23 12:03:40] Add students
[2025-04-23 12:03:40] Email: daijos.iojdas@student.ua
[2025-04-23 12:03:40] Password: iojdas
[2025-04-23 12:03:40] Get paginated students - Page: 1, Per Page: 10
[2025-04-23 12:03:51] Add students
[2025-04-23 12:03:51] Email: kdaioda.djnsa@student.ua
[2025-04-23 12:03:51] Password: djnsa
[2025-04-23 12:03:51] Get paginated students - Page: 1, Per Page: 10
[2025-04-23 12:04:03] Get paginated students - Page: 1, Per Page: 2
[2025-04-23 12:04:05] Get paginated students - Page: 2, Per Page: 2
[2025-04-23 12:04:05] Get paginated students - Page: 1, Per Page: 2
[2025-04-23 12:04:06] Get paginated students - Page: 1, Per Page: 2
[2025-04-23 12:04:06] Get paginated students - Page: 1, Per Page: 2
[2025-04-23 12:04:07] Get paginated students - Page: 2, Per Page: 2
[2025-04-23 12:04:07] Get paginated students - Page: 1, Per Page: 2
[2025-04-23 12:04:09] Get paginated students - Page: 1, Per Page: 2
[2025-04-23 12:04:09] Get paginated students - Page: 1, Per Page: 2
[2025-04-23 12:04:09] Get paginated students - Page: 1, Per Page: 2
[2025-04-23 12:04:09] Get paginated students - Page: 1, Per Page: 2
[2025-04-23 12:04:11] Get paginated students - Page: 2, Per Page: 2
[2025-04-23 12:04:11] Get paginated students - Page: 1, Per Page: 2
[2025-04-23 12:04:12] Get paginated students - Page: 1, Per Page: 2
[2025-04-23 12:04:12] Get paginated students - Page: 1, Per Page: 2
[2025-04-23 12:04:14] Get paginated students - Page: 2, Per Page: 2
[2025-04-23 12:04:14] Get paginated students - Page: 1, Per Page: 2
[2025-04-23 12:04:29] Get paginated students - Page: 1, Per Page: 2
[2025-04-23 12:04:29] Get paginated students - Page: 1, Per Page: 2
[2025-04-23 12:04:30] Get paginated students - Page: 2, Per Page: 2
[2025-04-23 12:04:30] Get paginated students - Page: 1, Per Page: 2
[2025-04-23 12:04:32] Get paginated students - Page: 1, Per Page: 2
[2025-04-23 12:04:32] Get paginated students - Page: 1, Per Page: 2
[2025-04-23 12:04:33] Get paginated students - Page: 2, Per Page: 2
[2025-04-23 12:04:33] Get paginated students - Page: 1, Per Page: 2
[2025-04-23 12:04:33] Get paginated students - Page: 1, Per Page: 2
[2025-04-23 12:04:34] Get paginated students - Page: 1, Per Page: 2
[2025-04-23 12:04:34] Get paginated students - Page: 2, Per Page: 2
[2025-04-23 12:04:34] Get paginated students - Page: 1, Per Page: 2
[2025-04-23 12:04:36] Get paginated students - Page: 1, Per Page: 2
[2025-04-23 12:04:36] Get paginated students - Page: 1, Per Page: 2
[2025-04-23 12:04:37] Get paginated students - Page: 2, Per Page: 2
[2025-04-23 12:04:37] Get paginated students - Page: 1, Per Page: 2
[2025-04-23 12:04:38] Get paginated students - Page: 3, Per Page: 2
[2025-04-23 12:04:38] Get paginated students - Page: 1, Per Page: 2
[2025-04-23 12:04:40] Get paginated students - Page: 4, Per Page: 2
[2025-04-23 12:04:40] Get paginated students - Page: 1, Per Page: 2
[2025-04-23 12:04:42] Get paginated students - Page: 3, Per Page: 2
[2025-04-23 12:04:42] Get paginated students - Page: 1, Per Page: 2
[2025-04-23 12:04:42] Get paginated students - Page: 2, Per Page: 2
[2025-04-23 12:04:42] Get paginated students - Page: 1, Per Page: 2
[2025-04-23 12:04:43] Get paginated students - Page: 3, Per Page: 2
[2025-04-23 12:04:43] Get paginated students - Page: 1, Per Page: 2
[2025-04-23 12:04:45] Get paginated students - Page: 2, Per Page: 2
[2025-04-23 12:04:45] Get paginated students - Page: 1, Per Page: 2
[2025-04-23 12:04:46] Get paginated students - Page: 1, Per Page: 2
[2025-04-23 12:04:46] Get paginated students - Page: 1, Per Page: 2
[2025-04-23 12:04:47] Get paginated students - Page: 2, Per Page: 2
[2025-04-23 12:04:47] Get paginated students - Page: 1, Per Page: 2
[2025-04-23 12:04:47] Get paginated students - Page: 3, Per Page: 2
[2025-04-23 12:04:47] Get paginated students - Page: 1, Per Page: 2
[2025-04-23 12:04:49] Get paginated students - Page: 4, Per Page: 2
[2025-04-23 12:04:49] Get paginated students - Page: 1, Per Page: 2
[2025-04-23 12:04:49] Get paginated students - Page: 1, Per Page: 2
[2025-04-23 12:04:49] Get paginated students - Page: 1, Per Page: 2
[2025-04-23 16:00:58] Get paginated students - Page: 1, Per Page: 2
[2025-04-23 16:00:58] Get paginated students - Page: 1, Per Page: 2
[2025-04-23 16:14:12] Get paginated students - Page: 1, Per Page: 2
[2025-04-23 16:14:12] Get paginated students - Page: 1, Per Page: 2
[2025-04-23 16:14:15] Get paginated students - Page: 2, Per Page: 2
[2025-04-23 16:14:15] Get paginated students - Page: 1, Per Page: 2
[2025-04-23 16:14:16] Get paginated students - Page: 1, Per Page: 2
[2025-04-23 16:14:16] Get paginated students - Page: 1, Per Page: 2
[2025-04-23 16:14:19] Get paginated students - Page: 1, Per Page: 2
[2025-04-23 16:14:19] Get paginated students - Page: 1, Per Page: 2
[2025-04-23 16:14:20] Get paginated students - Page: 2, Per Page: 2
[2025-04-23 16:14:20] Get paginated students - Page: 1, Per Page: 2
[2025-04-23 16:14:21] Get paginated students - Page: 1, Per Page: 2
[2025-04-23 16:14:21] Get paginated students - Page: 1, Per Page: 2
[2025-04-23 16:14:21] Get paginated students - Page: 2, Per Page: 2
[2025-04-23 16:14:21] Get paginated students - Page: 1, Per Page: 2
[2025-04-23 16:14:21] Get paginated students - Page: 3, Per Page: 2
[2025-04-23 16:14:22] Get paginated students - Page: 1, Per Page: 2
[2025-04-23 16:14:23] Get paginated students - Page: 2, Per Page: 2
[2025-04-23 16:14:23] Get paginated students - Page: 1, Per Page: 2
[2025-04-23 16:14:24] Get paginated students - Page: 1, Per Page: 2
[2025-04-23 16:14:24] Get paginated students - Page: 1, Per Page: 2
[2025-04-23 16:19:11] Get paginated students - Page: 1, Per Page: 2
[2025-04-23 16:19:11] Get paginated students - Page: 1, Per Page: 2
[2025-04-23 16:19:12] Get paginated students - Page: 2, Per Page: 2
[2025-04-23 16:19:12] Get paginated students - Page: 1, Per Page: 2
[2025-04-23 16:19:12] Get paginated students - Page: 3, Per Page: 2
[2025-04-23 16:19:12] Get paginated students - Page: 1, Per Page: 2
[2025-04-23 16:19:13] Get paginated students - Page: 2, Per Page: 2
[2025-04-23 16:19:13] Get paginated students - Page: 1, Per Page: 2
[2025-04-23 16:19:18] Get paginated students - Page: 1, Per Page: 2
[2025-04-23 16:19:18] Get paginated students - Page: 1, Per Page: 2
[2025-04-23 16:19:18] Get paginated students - Page: 1, Per Page: 2
[2025-04-23 16:19:18] Get paginated students - Page: 1, Per Page: 2
[2025-04-23 16:19:19] Get paginated students - Page: 1, Per Page: 2
[2025-04-23 16:19:19] Get paginated students - Page: 1, Per Page: 2
[2025-04-23 16:19:19] Get paginated students - Page: 1, Per Page: 2
[2025-04-23 16:19:19] Get paginated students - Page: 1, Per Page: 2
[2025-04-23 16:19:19] Get paginated students - Page: 1, Per Page: 2
[2025-04-23 16:19:19] Get paginated students - Page: 1, Per Page: 2
[2025-04-23 16:19:20] Get paginated students - Page: 2, Per Page: 2
[2025-04-23 16:19:20] Get paginated students - Page: 1, Per Page: 2
[2025-04-23 16:19:22] Get paginated students - Page: 1, Per Page: 2
[2025-04-23 16:19:22] Get paginated students - Page: 1, Per Page: 2
[2025-04-23 16:19:23] Get paginated students - Page: 2, Per Page: 2
[2025-04-23 16:19:23] Get paginated students - Page: 1, Per Page: 2
[2025-04-23 16:19:23] Get paginated students - Page: 3, Per Page: 2
[2025-04-23 16:19:23] Get paginated students - Page: 1, Per Page: 2
[2025-04-23 16:19:25] Get paginated students - Page: 2, Per Page: 2
[2025-04-23 16:19:25] Get paginated students - Page: 1, Per Page: 2
[2025-04-23 16:19:25] Get paginated students - Page: 1, Per Page: 2
[2025-04-23 16:19:26] Get paginated students - Page: 1, Per Page: 2
[2025-04-23 16:30:45] Get paginated students - Page: 1, Per Page: 2
[2025-04-23 16:30:45] Get paginated students - Page: 1, Per Page: 2
[2025-04-23 16:30:46] Get paginated students - Page: 1, Per Page: 2
[2025-04-23 16:30:46] Get paginated students - Page: 1, Per Page: 2
[2025-04-23 16:30:49] Get paginated students - Page: 1, Per Page: 2
[2025-04-23 16:30:49] Get paginated students - Page: 1, Per Page: 2
[2025-04-23 16:30:49] Get paginated students - Page: 1, Per Page: 2
[2025-04-23 16:30:49] Get paginated students - Page: 1, Per Page: 2
[2025-04-23 16:30:51] Get paginated students - Page: 1, Per Page: 2
[2025-04-23 16:30:51] Get paginated students - Page: 1, Per Page: 2
[2025-04-23 16:30:52] Get paginated students - Page: 1, Per Page: 2
[2025-04-23 16:30:52] Get paginated students - Page: 1, Per Page: 2
[2025-04-23 16:31:34] Get paginated students - Page: 1, Per Page: 2
[2025-04-23 16:31:34] Get paginated students - Page: 1, Per Page: 2
[2025-04-23 16:31:35] Get paginated students - Page: 1, Per Page: 2
[2025-04-23 16:31:35] Get paginated students - Page: 1, Per Page: 2
[2025-04-23 16:31:35] Get paginated students - Page: 1, Per Page: 2
[2025-04-23 16:31:35] Get paginated students - Page: 1, Per Page: 2
[2025-04-23 16:31:35] Get paginated students - Page: 1, Per Page: 2
[2025-04-23 16:31:35] Get paginated students - Page: 1, Per Page: 2
[2025-04-23 16:31:35] Get paginated students - Page: 1, Per Page: 2
[2025-04-23 16:31:36] Get paginated students - Page: 1, Per Page: 2
[2025-04-23 16:31:36] Get paginated students - Page: 1, Per Page: 2
[2025-04-23 16:31:36] Get paginated students - Page: 1, Per Page: 2
[2025-04-23 16:31:52] Get paginated students - Page: 1, Per Page: 2
[2025-04-23 16:31:52] Get paginated students - Page: 1, Per Page: 2
[2025-04-23 16:31:52] Get paginated students - Page: 1, Per Page: 2
[2025-04-23 16:31:52] Get paginated students - Page: 1, Per Page: 2
[2025-04-23 16:31:54] Get paginated students - Page: 1, Per Page: 2
[2025-04-23 16:31:54] Get paginated students - Page: 1, Per Page: 2
[2025-04-23 16:31:55] Get paginated students - Page: 1, Per Page: 2
[2025-04-23 16:31:55] Get paginated students - Page: 1, Per Page: 2
[2025-04-23 16:31:58] Get paginated students - Page: 1, Per Page: 2
[2025-04-23 16:31:58] Get paginated students - Page: 1, Per Page: 2
[2025-04-23 16:31:58] Get paginated students - Page: 1, Per Page: 2
[2025-04-23 16:31:58] Get paginated students - Page: 1, Per Page: 2
[2025-04-23 16:32:00] Get paginated students - Page: 1, Per Page: 2
[2025-04-23 16:32:00] Get paginated students - Page: 1, Per Page: 2
[2025-04-23 16:32:04] Get paginated students - Page: 1, Per Page: 2
[2025-04-23 16:32:04] Get paginated students - Page: 1, Per Page: 2
[2025-04-23 16:32:07] Get paginated students - Page: 1, Per Page: 2
[2025-04-23 16:32:07] Get paginated students - Page: 1, Per Page: 2
[2025-04-23 16:32:12] Get paginated students - Page: 2, Per Page: 2
[2025-04-23 16:32:12] Get paginated students - Page: 1, Per Page: 2
[2025-04-23 16:32:15] Get paginated students - Page: 1, Per Page: 2
[2025-04-23 16:32:15] Get paginated students - Page: 1, Per Page: 2
[2025-04-23 16:32:15] Get paginated students - Page: 2, Per Page: 2
[2025-04-23 16:32:15] Get paginated students - Page: 1, Per Page: 2
[2025-04-23 16:32:16] Get paginated students - Page: 1, Per Page: 2
[2025-04-23 16:32:16] Get paginated students - Page: 1, Per Page: 2
[2025-04-23 16:32:17] Get paginated students - Page: 2, Per Page: 2
[2025-04-23 16:32:17] Get paginated students - Page: 1, Per Page: 2
[2025-04-23 16:32:18] Get paginated students - Page: 1, Per Page: 2
[2025-04-23 16:32:18] Get paginated students - Page: 1, Per Page: 2
[2025-04-23 16:33:14] Get paginated students - Page: 1, Per Page: 2
[2025-04-23 16:33:14] Get paginated students - Page: 1, Per Page: 2
[2025-04-23 16:33:18] Get paginated students - Page: 1, Per Page: 2
[2025-04-23 16:33:18] Get paginated students - Page: 1, Per Page: 2
[2025-04-23 16:33:18] Get paginated students - Page: 1, Per Page: 2
[2025-04-23 16:33:18] Get paginated students - Page: 1, Per Page: 2
[2025-04-23 16:33:29] Get paginated students - Page: 1, Per Page: 2
[2025-04-23 16:33:29] Get paginated students - Page: 1, Per Page: 2
[2025-04-23 16:33:29] Get paginated students - Page: 1, Per Page: 2
[2025-04-23 16:33:29] Get paginated students - Page: 1, Per Page: 2
[2025-04-23 16:33:30] Get paginated students - Page: 1, Per Page: 2
[2025-04-23 16:33:30] Get paginated students - Page: 1, Per Page: 2
[2025-04-23 16:33:36] Get paginated students - Page: 2, Per Page: 2
[2025-04-23 16:33:36] Get paginated students - Page: 1, Per Page: 2
[2025-04-23 16:33:37] Get paginated students - Page: 1, Per Page: 2
[2025-04-23 16:33:37] Get paginated students - Page: 1, Per Page: 2
[2025-04-23 16:33:38] Get paginated students - Page: 2, Per Page: 2
[2025-04-23 16:33:38] Get paginated students - Page: 1, Per Page: 2
[2025-04-23 16:33:38] Get paginated students - Page: 1, Per Page: 2
[2025-04-23 16:33:39] Get paginated students - Page: 1, Per Page: 2
[2025-04-23 16:33:41] Get paginated students - Page: 2, Per Page: 2
[2025-04-23 16:33:41] Get paginated students - Page: 1, Per Page: 2
[2025-04-23 16:33:41] Get paginated students - Page: 1, Per Page: 2
[2025-04-23 16:33:42] Get paginated students - Page: 1, Per Page: 2
[2025-04-23 16:34:50] Get paginated students - Page: 1, Per Page: 5
[2025-04-23 16:34:50] Get paginated students - Page: 1, Per Page: 5
[2025-04-23 16:34:51] Get paginated students - Page: 1, Per Page: 5
[2025-04-23 16:34:51] Get paginated students - Page: 1, Per Page: 5
[2025-04-23 16:34:51] Get paginated students - Page: 1, Per Page: 5
[2025-04-23 16:34:52] Get paginated students - Page: 1, Per Page: 5
[2025-04-23 16:34:57] Get paginated students - Page: 1, Per Page: 5
[2025-04-23 16:34:57] Get paginated students - Page: 1, Per Page: 5
[2025-04-23 16:35:00] Get paginated students - Page: 1, Per Page: 5
[2025-04-23 16:35:17] Get paginated students - Page: 1, Per Page: 5
[2025-04-23 16:35:38] Get paginated students - Page: 1, Per Page: 5
[2025-04-23 16:35:46] Get paginated students - Page: 1, Per Page: 5
[2025-04-23 16:35:49] Get paginated students - Page: 1, Per Page: 5
[2025-04-23 16:49:03] Get paginated students - Page: 1, Per Page: 5
[2025-04-23 18:23:31] Get paginated students - Page: 1, Per Page: 5
[2025-04-23 18:26:21] Get paginated students - Page: 1, Per Page: 5
[2025-04-23 18:32:23] Get paginated students - Page: 1, Per Page: 5
[2025-04-23 18:32:40] Get paginated students - Page: 1, Per Page: 5
[2025-04-23 18:34:48] Get paginated students - Page: 1, Per Page: 5
[2025-04-23 18:34:54] Get paginated students - Page: 1, Per Page: 5
[2025-04-23 18:35:30] Get paginated students - Page: 1, Per Page: 5
[2025-04-23 18:38:17] Get paginated students - Page: 1, Per Page: 5
[2025-04-23 18:39:13] Get paginated students - Page: 1, Per Page: 5
[2025-04-23 18:39:38] Get paginated students - Page: 1, Per Page: 5
[2025-04-23 18:39:39] Get paginated students - Page: 1, Per Page: 5
[2025-04-23 18:39:39] Get paginated students - Page: 1, Per Page: 5
[2025-04-23 18:39:39] Get paginated students - Page: 1, Per Page: 5
[2025-04-23 18:39:52] Get paginated students - Page: 1, Per Page: 5
[2025-04-23 18:44:36] Get paginated students - Page: 1, Per Page: 5
[2025-04-23 18:44:37] Get paginated students - Page: 1, Per Page: 5
[2025-04-23 18:44:38] Get paginated students - Page: 1, Per Page: 5
[2025-04-23 18:44:38] Get paginated students - Page: 1, Per Page: 5
[2025-04-23 18:44:39] Get paginated students - Page: 1, Per Page: 5
[2025-04-23 18:45:19] Get paginated students - Page: 1, Per Page: 5
[2025-04-23 18:45:20] Get paginated students - Page: 1, Per Page: 5
[2025-04-23 18:45:21] Get paginated students - Page: 1, Per Page: 5
[2025-04-23 18:45:24] Get paginated students - Page: 1, Per Page: 5
[2025-04-23 18:47:23] Get paginated students - Page: 1, Per Page: 5
[2025-04-23 18:47:55] Get paginated students - Page: 1, Per Page: 5
[2025-04-23 18:48:05] Get paginated students - Page: 1, Per Page: 5
[2025-04-23 18:48:13] Get paginated students - Page: 1, Per Page: 5
[2025-04-23 18:56:31] Get paginated students - Page: 1, Per Page: 5
[2025-04-23 19:03:00] Get paginated students - Page: 1, Per Page: 5
[2025-04-23 19:03:02] Get paginated students - Page: 2, Per Page: 5
[2025-04-23 19:03:02] Get paginated students - Page: 1, Per Page: 5
[2025-04-23 19:03:02] Get paginated students - Page: 3, Per Page: 5
[2025-04-23 19:03:02] Get paginated students - Page: 1, Per Page: 5
[2025-04-23 19:03:03] Get paginated students - Page: 4, Per Page: 5
[2025-04-23 19:03:03] Get paginated students - Page: 1, Per Page: 5
[2025-04-23 19:03:04] Get paginated students - Page: 5, Per Page: 5
[2025-04-23 19:03:04] Get paginated students - Page: 1, Per Page: 5
[2025-04-23 19:03:06] Get paginated students - Page: 1, Per Page: 5
[2025-04-23 19:03:06] Get paginated students - Page: 1, Per Page: 5
[2025-04-23 19:03:09] Get paginated students - Page: 1, Per Page: 5
[2025-04-23 19:03:09] Get paginated students - Page: 1, Per Page: 5
[2025-04-23 19:03:09] Get paginated students - Page: 1, Per Page: 5
[2025-04-23 19:03:09] Get paginated students - Page: 1, Per Page: 5
[2025-04-23 19:03:10] Get paginated students - Page: 1, Per Page: 5
[2025-04-23 19:03:10] Get paginated students - Page: 1, Per Page: 5
[2025-04-23 19:03:10] Get paginated students - Page: 1, Per Page: 5
[2025-04-23 19:03:10] Get paginated students - Page: 1, Per Page: 5
[2025-04-23 19:03:11] Get paginated students - Page: 1, Per Page: 5
[2025-04-23 19:03:11] Get paginated students - Page: 1, Per Page: 5
[2025-04-23 19:03:12] Get paginated students - Page: 2, Per Page: 5
[2025-04-23 19:03:12] Get paginated students - Page: 1, Per Page: 5
[2025-04-23 19:03:12] Get paginated students - Page: 3, Per Page: 5
[2025-04-23 19:03:12] Get paginated students - Page: 1, Per Page: 5
[2025-04-23 19:03:13] Get paginated students - Page: 4, Per Page: 5
[2025-04-23 19:03:13] Get paginated students - Page: 1, Per Page: 5
[2025-04-23 19:03:13] Get paginated students - Page: 5, Per Page: 5
[2025-04-23 19:03:13] Get paginated students - Page: 1, Per Page: 5
[2025-04-23 19:03:15] Get paginated students - Page: 4, Per Page: 5
[2025-04-23 19:03:15] Get paginated students - Page: 1, Per Page: 5
[2025-04-23 19:03:16] Get paginated students - Page: 1, Per Page: 5
[2025-04-23 19:03:16] Get paginated students - Page: 1, Per Page: 5
[2025-04-23 19:03:17] Get paginated students - Page: 2, Per Page: 5
[2025-04-23 19:03:17] Get paginated students - Page: 1, Per Page: 5
[2025-04-23 19:03:17] Get paginated students - Page: 3, Per Page: 5
[2025-04-23 19:03:18] Get paginated students - Page: 1, Per Page: 5
[2025-04-23 19:03:18] Get paginated students - Page: 4, Per Page: 5
[2025-04-23 19:03:18] Get paginated students - Page: 1, Per Page: 5
[2025-04-23 19:03:18] Get paginated students - Page: 5, Per Page: 5
[2025-04-23 19:03:18] Get paginated students - Page: 1, Per Page: 5
[2025-04-23 19:03:20] Get paginated students - Page: 4, Per Page: 5
[2025-04-23 19:03:20] Get paginated students - Page: 1, Per Page: 5
[2025-04-23 19:03:31] Get paginated students - Page: 4, Per Page: 5
[2025-04-23 19:09:18] Get paginated students - Page: 1, Per Page: 5
[2025-04-23 19:09:20] Get paginated students - Page: 1, Per Page: 5
[2025-04-23 19:09:21] Get paginated students - Page: 1, Per Page: 5
[2025-04-23 19:09:22] Get paginated students - Page: 1, Per Page: 5
[2025-04-23 19:09:22] Get paginated students - Page: 1, Per Page: 5
[2025-04-23 19:09:23] Get paginated students - Page: 1, Per Page: 5
[2025-04-23 19:09:23] Get paginated students - Page: 1, Per Page: 5
[2025-04-23 19:09:44] Add students
[2025-04-23 19:09:44] Email: Andrii.Potikha@student.ua
[2025-04-23 19:09:44] Password: Potikha
[2025-04-23 19:09:44] Get paginated students - Page: 1, Per Page: 5
[2025-04-23 19:09:44] Get paginated students - Page: 1, Per Page: 5
[2025-04-23 19:10:15] Add students
[2025-04-23 19:10:15] Email: Oleksiy.Mahinsky@student.ua
[2025-04-23 19:10:15] Password: Mahinsky
[2025-04-23 19:10:15] Get paginated students - Page: 1, Per Page: 5
[2025-04-23 19:10:15] Get paginated students - Page: 1, Per Page: 5
[2025-04-23 19:10:21] POST | Edit student function called in Tables.php
[2025-04-23 19:10:21] Student ID: 
[2025-04-23 19:10:21] Data received: null
[2025-04-23 19:10:21] Edit student function called in Table.php
[2025-04-23 19:10:21] Student ID: 54
[2025-04-23 19:10:21] Data received: {"id":"54","studygroup":"PZ-25","firstname":"Oleksiy","lastname":"Mahinsky","gender":"Male","birthday":"1980-02-04"}
[2025-04-23 19:10:21] Get paginated students - Page: 1, Per Page: 5
[2025-04-23 19:10:21] Get paginated students - Page: 1, Per Page: 5
[2025-04-23 19:10:25] POST | Edit student function called in Tables.php
[2025-04-23 19:10:25] Student ID: 
[2025-04-23 19:10:25] Data received: null
[2025-04-23 19:10:25] Edit student function called in Table.php
[2025-04-23 19:10:25] Student ID: 53
[2025-04-23 19:10:25] Data received: {"id":"53","studygroup":"PZ-25","firstname":"Andrii","lastname":"Potikha","gender":"Male","birthday":"2000-02-02"}
[2025-04-23 19:10:25] Get paginated students - Page: 1, Per Page: 5
[2025-04-23 19:10:25] Get paginated students - Page: 1, Per Page: 5
[2025-04-23 19:10:40] Add students
[2025-04-23 19:10:40] Email: Oleksandr.Zelinskyi@student.ua
[2025-04-23 19:10:40] Password: Zelinskyi
[2025-04-23 19:10:40] Get paginated students - Page: 1, Per Page: 5
[2025-04-23 19:10:40] Get paginated students - Page: 1, Per Page: 5
[2025-04-23 19:10:46] POST | Edit student function called in Tables.php
[2025-04-23 19:10:46] Student ID: 
[2025-04-23 19:10:46] Data received: null
[2025-04-23 19:10:46] Edit student function called in Table.php
[2025-04-23 19:10:46] Student ID: 55
[2025-04-23 19:10:46] Data received: {"id":"55","studygroup":"PZ-25","firstname":"Oleksandr","lastname":"Zelinskyi","gender":"Male","birthday":"2006-02-03"}
[2025-04-23 19:10:46] Get paginated students - Page: 1, Per Page: 5
[2025-04-23 19:10:46] Get paginated students - Page: 1, Per Page: 5
[2025-04-23 19:11:14] Add students
[2025-04-23 19:11:14] Email: Ivan.Olli@student.ua
[2025-04-23 19:11:14] Password: Olli
[2025-04-23 19:11:14] Get paginated students - Page: 1, Per Page: 5
[2025-04-23 19:11:14] Get paginated students - Page: 1, Per Page: 5
[2025-04-23 19:11:35] Add students
[2025-04-23 19:11:35] Email: Iryna.Hrabovenska@student.ua
[2025-04-23 19:11:35] Password: Hrabovenska
[2025-04-23 19:11:35] Get paginated students - Page: 1, Per Page: 5
[2025-04-23 19:11:35] Get paginated students - Page: 1, Per Page: 5
[2025-04-23 19:11:38] Get paginated students - Page: 2, Per Page: 5
[2025-04-23 19:11:38] Get paginated students - Page: 1, Per Page: 5
[2025-04-23 19:11:39] Get paginated students - Page: 1, Per Page: 5
[2025-04-23 19:11:39] Get paginated students - Page: 1, Per Page: 5
[2025-04-23 19:11:44] Get paginated students - Page: 2, Per Page: 5
[2025-04-23 19:11:44] Get paginated students - Page: 1, Per Page: 5
[2025-04-23 19:11:44] Get paginated students - Page: 1, Per Page: 5
[2025-04-23 19:11:44] Get paginated students - Page: 1, Per Page: 5
[2025-04-23 19:11:53] Get paginated students - Page: 1, Per Page: 5
[2025-04-23 19:12:17] Get paginated students - Page: 1, Per Page: 5
[2025-04-23 19:12:20] Get paginated students - Page: 1, Per Page: 5
[2025-04-23 19:12:20] Get paginated students - Page: 1, Per Page: 5
[2025-04-23 19:12:21] Get paginated students - Page: 2, Per Page: 5
[2025-04-23 19:12:21] Get paginated students - Page: 1, Per Page: 5
[2025-04-23 19:12:22] Get paginated students - Page: 1, Per Page: 5
[2025-04-23 19:12:22] Get paginated students - Page: 1, Per Page: 5
[2025-04-23 19:13:51] Get paginated students - Page: 1, Per Page: 5
[2025-04-23 19:13:59] Get paginated students - Page: 1, Per Page: 5
[2025-04-23 19:26:27] Get paginated students - Page: 1, Per Page: 5
[2025-04-23 19:26:44] Get paginated students - Page: 1, Per Page: 5
[2025-04-23 19:26:55] Get paginated students - Page: 1, Per Page: 5
[2025-04-23 19:27:09] Get paginated students - Page: 1, Per Page: 5
[2025-04-23 19:27:12] Get paginated students - Page: 1, Per Page: 5
[2025-04-23 19:27:23] Get paginated students - Page: 1, Per Page: 5
[2025-04-23 19:27:37] Get paginated students - Page: 1, Per Page: 5
[2025-04-23 19:27:40] Get paginated students - Page: 1, Per Page: 5
[2025-04-23 19:27:41] Get paginated students - Page: 1, Per Page: 5
[2025-04-23 19:27:43] Get paginated students - Page: 1, Per Page: 5
[2025-04-23 19:27:47] Get paginated students - Page: 1, Per Page: 5
[2025-04-23 19:35:04] Get paginated students - Page: 1, Per Page: 5
[2025-04-23 19:35:14] Get paginated students - Page: 1, Per Page: 5
[2025-04-23 19:35:16] Get paginated students - Page: 1, Per Page: 5
[2025-04-23 19:35:17] Get paginated students - Page: 1, Per Page: 5
[2025-04-23 19:35:21] Get paginated students - Page: 1, Per Page: 5
[2025-04-23 19:38:48] Get paginated students - Page: 2, Per Page: 5
[2025-04-23 19:38:48] Get paginated students - Page: 1, Per Page: 5
[2025-04-23 19:38:49] Get paginated students - Page: 1, Per Page: 5
[2025-04-23 19:38:49] Get paginated students - Page: 1, Per Page: 5
[2025-04-23 19:39:01] Get paginated students - Page: 1, Per Page: 5
[2025-04-23 19:39:01] Get paginated students - Page: 1, Per Page: 5
[2025-04-23 19:39:02] Get paginated students - Page: 2, Per Page: 5
[2025-04-23 19:39:03] Get paginated students - Page: 1, Per Page: 5
[2025-04-23 19:39:03] Get paginated students - Page: 1, Per Page: 5
[2025-04-23 19:39:03] Get paginated students - Page: 1, Per Page: 5
[2025-04-27 20:55:07] Get paginated students - Page: 1, Per Page: 5
[2025-04-27 20:55:10] Get paginated students - Page: 2, Per Page: 5
[2025-04-27 20:55:10] Get paginated students - Page: 1, Per Page: 5
[2025-04-27 20:55:12] Get paginated students - Page: 1, Per Page: 5
[2025-04-27 20:55:12] Get paginated students - Page: 1, Per Page: 5
[2025-04-27 21:51:50] Get paginated students - Page: 1, Per Page: 5
[2025-04-27 21:52:40] Get paginated students - Page: 1, Per Page: 5
[2025-04-27 21:52:42] Get paginated students - Page: 2, Per Page: 5
[2025-04-27 21:52:42] Get paginated students - Page: 1, Per Page: 5
[2025-04-27 21:52:44] Get paginated students - Page: 1, Per Page: 5
[2025-04-27 21:52:45] Get paginated students - Page: 1, Per Page: 5
[2025-04-27 21:59:07] Get paginated students - Page: 1, Per Page: 5
[2025-04-27 21:59:07] Get paginated students - Page: 1, Per Page: 5
[2025-04-27 21:59:08] Get paginated students - Page: 1, Per Page: 5
[2025-04-27 21:59:08] Get paginated students - Page: 1, Per Page: 5
[2025-04-28 13:57:36] Get paginated students - Page: 1, Per Page: 5
[2025-04-28 13:57:37] Get paginated students - Page: 1, Per Page: 5
[2025-04-28 13:57:37] Get paginated students - Page: 1, Per Page: 5
[2025-04-28 13:57:52] Get paginated students - Page: 1, Per Page: 5
[2025-04-28 13:57:54] Get paginated students - Page: 2, Per Page: 5
[2025-04-28 13:57:54] Get paginated students - Page: 1, Per Page: 5
[2025-04-28 13:57:56] Get paginated students - Page: 1, Per Page: 5
[2025-04-28 13:57:56] Get paginated students - Page: 1, Per Page: 5
[2025-04-28 13:58:12] Get paginated students - Page: 2, Per Page: 5
[2025-04-28 13:58:12] Get paginated students - Page: 1, Per Page: 5
[2025-04-28 13:58:13] Get paginated students - Page: 1, Per Page: 5
[2025-04-28 13:58:13] Get paginated students - Page: 1, Per Page: 5
[2025-04-28 13:58:27] Get paginated students - Page: 1, Per Page: 5
[2025-04-28 14:00:22] Get paginated students - Page: 1, Per Page: 5
[2025-04-28 14:00:25] Get paginated students - Page: 2, Per Page: 5
[2025-04-28 14:00:25] Get paginated students - Page: 1, Per Page: 5
[2025-04-28 14:00:26] Get paginated students - Page: 1, Per Page: 5
[2025-04-28 14:00:26] Get paginated students - Page: 1, Per Page: 5
[2025-04-28 14:00:48] Get paginated students - Page: 1, Per Page: 5
[2025-04-28 14:01:10] Get paginated students - Page: 1, Per Page: 5
[2025-04-28 14:05:47] Get paginated students - Page: 2, Per Page: 5
[2025-04-28 14:05:47] Get paginated students - Page: 1, Per Page: 5
[2025-04-28 14:05:48] Get paginated students - Page: 1, Per Page: 5
[2025-04-28 14:05:48] Get paginated students - Page: 1, Per Page: 5
[2025-04-28 14:05:50] Get paginated students - Page: 2, Per Page: 5
[2025-04-28 14:05:50] Get paginated students - Page: 1, Per Page: 5
[2025-04-28 14:05:51] Get paginated students - Page: 1, Per Page: 5
[2025-04-28 14:05:51] Get paginated students - Page: 1, Per Page: 5
[2025-04-28 14:06:02] Get paginated students - Page: 2, Per Page: 5
[2025-04-28 14:06:02] Get paginated students - Page: 1, Per Page: 5
[2025-04-28 14:06:04] Get paginated students - Page: 1, Per Page: 5
[2025-04-28 14:06:04] Get paginated students - Page: 1, Per Page: 5
[2025-04-28 14:19:21] Get paginated students - Page: 2, Per Page: 5
[2025-04-28 14:19:21] Get paginated students - Page: 1, Per Page: 5
[2025-04-28 14:19:22] Get paginated students - Page: 1, Per Page: 5
[2025-04-28 14:19:22] Get paginated students - Page: 1, Per Page: 5
[2025-04-28 14:19:40] Get paginated students - Page: 1, Per Page: 5
[2025-04-28 14:19:40] Get paginated students - Page: 1, Per Page: 5
[2025-04-28 14:19:42] Get paginated students - Page: 1, Per Page: 5
[2025-04-28 14:19:42] Get paginated students - Page: 1, Per Page: 5
[2025-04-28 14:19:44] Get paginated students - Page: 1, Per Page: 5
[2025-04-28 14:19:44] Get paginated students - Page: 1, Per Page: 5
[2025-04-28 14:19:45] Get paginated students - Page: 1, Per Page: 5
[2025-04-28 14:19:45] Get paginated students - Page: 1, Per Page: 5
[2025-04-28 14:19:46] Get paginated students - Page: 1, Per Page: 5
[2025-04-28 14:19:46] Get paginated students - Page: 1, Per Page: 5
[2025-04-28 14:19:47] Get paginated students - Page: 1, Per Page: 5
[2025-04-28 14:19:47] Get paginated students - Page: 1, Per Page: 5
[2025-04-28 14:19:48] Get paginated students - Page: 1, Per Page: 5
[2025-04-28 14:19:48] Get paginated students - Page: 1, Per Page: 5
[2025-04-28 14:19:49] Get paginated students - Page: 1, Per Page: 5
[2025-04-28 14:19:49] Get paginated students - Page: 1, Per Page: 5
[2025-04-28 14:24:15] POST | Edit student function called in Tables.php
[2025-04-28 14:24:15] Student ID: 
[2025-04-28 14:24:15] Data received: null
[2025-04-28 14:24:15] Student ID: 56
[2025-04-28 14:24:15] Data received: {"id":"56","studygroup":"PZ-25","firstname":"Ivan","lastname":"Olliynyk","gender":"Male","birthday":"2000-05-03","studygroup_err":"","firstname_err":"","lastname_err":"","gender_err":"","birthday_err":""}
[2025-04-28 14:24:15] Edit student function called in Table.php
[2025-04-28 14:24:15] Student ID: 56
[2025-04-28 14:24:15] Data received: {"id":"56","studygroup":"PZ-25","firstname":"Ivan","lastname":"Olliynyk","gender":"Male","birthday":"2000-05-03","studygroup_err":"","firstname_err":"","lastname_err":"","gender_err":"","birthday_err":""}
[2025-04-28 14:24:15] Get paginated students - Page: 1, Per Page: 5
[2025-04-28 14:24:15] Get paginated students - Page: 1, Per Page: 5
[2025-04-28 14:24:40] POST | Edit student function called in Tables.php
[2025-04-28 14:24:40] Student ID: 
[2025-04-28 14:24:40] Data received: null
[2025-04-28 14:24:40] Student ID: 56
[2025-04-28 14:24:40] Data received: {"id":"56","studygroup":"PZ-26","firstname":"Ivan","lastname":"Olli","gender":"Male","birthday":"2000-05-03","studygroup_err":"","firstname_err":"","lastname_err":"","gender_err":"","birthday_err":""}
[2025-04-28 14:24:40] Edit student function called in Table.php
[2025-04-28 14:24:40] Student ID: 56
[2025-04-28 14:24:40] Data received: {"id":"56","studygroup":"PZ-26","firstname":"Ivan","lastname":"Olli","gender":"Male","birthday":"2000-05-03","studygroup_err":"","firstname_err":"","lastname_err":"","gender_err":"","birthday_err":""}
[2025-04-28 14:24:40] Get paginated students - Page: 1, Per Page: 5
[2025-04-28 14:24:41] Get paginated students - Page: 1, Per Page: 5
[2025-04-28 14:24:59] Get paginated students - Page: 2, Per Page: 5
[2025-04-28 14:24:59] Get paginated students - Page: 1, Per Page: 5
[2025-04-28 14:25:01] Get paginated students - Page: 1, Per Page: 5
[2025-04-28 14:25:01] Get paginated students - Page: 1, Per Page: 5
[2025-04-28 14:45:42] Get paginated students - Page: 2, Per Page: 5
[2025-04-28 14:45:42] Get paginated students - Page: 1, Per Page: 5
[2025-04-28 14:45:43] Get paginated students - Page: 1, Per Page: 5
[2025-04-28 14:45:43] Get paginated students - Page: 1, Per Page: 5
[2025-04-28 14:46:09] Get paginated students - Page: 2, Per Page: 5
[2025-04-28 14:46:09] Get paginated students - Page: 1, Per Page: 5
[2025-04-28 14:46:10] Get paginated students - Page: 1, Per Page: 5
[2025-04-28 14:46:10] Get paginated students - Page: 1, Per Page: 5
[2025-04-28 14:53:36] Get paginated students - Page: 2, Per Page: 5
[2025-04-28 14:53:36] Get paginated students - Page: 1, Per Page: 5
[2025-04-28 14:53:37] Get paginated students - Page: 1, Per Page: 5
[2025-04-28 14:53:37] Get paginated students - Page: 1, Per Page: 5
[2025-04-28 14:54:11] Get paginated students - Page: 1, Per Page: 5
[2025-04-28 14:54:11] Get paginated students - Page: 1, Per Page: 5
[2025-04-28 14:59:35] Get paginated students - Page: 1, Per Page: 5
[2025-04-28 14:59:40] Get paginated students - Page: 2, Per Page: 5
[2025-04-28 14:59:40] Get paginated students - Page: 1, Per Page: 5
[2025-04-28 14:59:41] Get paginated students - Page: 1, Per Page: 5
[2025-04-28 14:59:41] Get paginated students - Page: 1, Per Page: 5
[2025-04-28 15:00:13] Get paginated students - Page: 1, Per Page: 5
[2025-04-28 15:01:02] Get paginated students - Page: 1, Per Page: 5
[2025-04-28 15:01:20] Get paginated students - Page: 1, Per Page: 5
[2025-04-28 15:01:23] Get paginated students - Page: 1, Per Page: 5
[2025-04-28 15:01:33] Get paginated students - Page: 1, Per Page: 5
[2025-04-28 15:01:39] Get paginated students - Page: 1, Per Page: 5
[2025-04-28 15:02:02] Get paginated students - Page: 2, Per Page: 5
[2025-04-28 15:02:02] Get paginated students - Page: 1, Per Page: 5
[2025-04-28 15:02:03] Get paginated students - Page: 1, Per Page: 5
[2025-04-28 15:02:03] Get paginated students - Page: 1, Per Page: 5
[2025-04-28 15:02:21] POST | Edit student function called in Tables.php
[2025-04-28 15:02:21] Student ID: 
[2025-04-28 15:02:21] Data received: null
[2025-04-28 15:02:21] Student ID: 56
[2025-04-28 15:02:21] Data received: {"id":"56","studygroup":"PZ-25","firstname":"Ivan","lastname":"Olliynyk","gender":"Male","birthday":"2000-05-03","studygroup_err":"","firstname_err":"","lastname_err":"","gender_err":"","birthday_err":""}
[2025-04-28 15:02:21] Edit student function called in Table.php
[2025-04-28 15:02:21] Student ID: 56
[2025-04-28 15:02:21] Data received: {"id":"56","studygroup":"PZ-25","firstname":"Ivan","lastname":"Olliynyk","gender":"Male","birthday":"2000-05-03","studygroup_err":"","firstname_err":"","lastname_err":"","gender_err":"","birthday_err":""}
[2025-04-28 15:02:22] Get paginated students - Page: 1, Per Page: 5
[2025-04-28 15:02:22] Get paginated students - Page: 1, Per Page: 5
[2025-04-28 15:02:44] Get paginated students - Page: 1, Per Page: 5
[2025-04-28 15:02:44] Get paginated students - Page: 1, Per Page: 5
[2025-04-28 15:03:05] Add students
[2025-04-28 15:03:05] Email: testtest.testtest@student.ua
[2025-04-28 15:03:05] Password: testtest
[2025-04-28 15:03:05] Get paginated students - Page: 1, Per Page: 5
[2025-04-28 15:03:05] Get paginated students - Page: 1, Per Page: 5
[2025-04-28 15:04:29] Get paginated students - Page: 1, Per Page: 5
[2025-04-28 15:04:48] Get paginated students - Page: 1, Per Page: 5
[2025-04-28 15:04:49] Get paginated students - Page: 1, Per Page: 5
[2025-04-28 15:04:52] Get paginated students - Page: 1, Per Page: 5
[2025-04-28 15:04:55] Get paginated students - Page: 1, Per Page: 5
[2025-04-28 15:05:23] Get paginated students - Page: 1, Per Page: 5
[2025-04-28 15:08:28] Get paginated students - Page: 1, Per Page: 5
[2025-04-28 15:08:28] Get paginated students - Page: 1, Per Page: 5
[2025-04-28 15:08:41] Get paginated students - Page: 1, Per Page: 5
[2025-04-28 15:08:41] Get paginated students - Page: 1, Per Page: 5
[2025-04-28 15:08:43] Get paginated students - Page: 2, Per Page: 5
[2025-04-28 15:08:43] Get paginated students - Page: 1, Per Page: 5
[2025-04-28 15:08:44] Get paginated students - Page: 1, Per Page: 5
[2025-04-28 15:08:44] Get paginated students - Page: 1, Per Page: 5
[2025-04-28 15:09:08] Get paginated students - Page: 1, Per Page: 5
[2025-04-28 15:10:32] Get paginated students - Page: 1, Per Page: 5
[2025-04-28 15:10:44] Get paginated students - Page: 1, Per Page: 5
[2025-04-28 15:11:28] Get paginated students - Page: 1, Per Page: 5
[2025-04-28 15:11:54] Get paginated students - Page: 1, Per Page: 5
[2025-04-28 17:56:24] Get paginated students - Page: 1, Per Page: 5
[2025-04-28 17:56:24] Get paginated students - Page: 1, Per Page: 5
[2025-04-30 09:19:09] Get paginated students - Page: 1, Per Page: 5
[2025-04-30 09:19:30] Get paginated students - Page: 2, Per Page: 5
[2025-04-30 09:19:30] Get paginated students - Page: 1, Per Page: 5
[2025-04-30 09:19:41] Get paginated students - Page: 1, Per Page: 5
[2025-04-30 09:19:41] Get paginated students - Page: 1, Per Page: 5
[2025-04-30 20:51:59] Get paginated students - Page: 1, Per Page: 5
[2025-04-30 20:52:06] Get paginated students - Page: 1, Per Page: 5
[2025-04-30 20:53:21] Get paginated students - Page: 1, Per Page: 5
[2025-05-07 07:26:50] Get paginated students - Page: 1, Per Page: 5
[2025-05-07 07:26:50] Get paginated students - Page: 1, Per Page: 5
[2025-05-28 16:43:47] Get paginated students - Page: 1, Per Page: 5
[2025-05-28 16:44:30] Get paginated students - Page: 1, Per Page: 5
[2025-05-28 16:44:43] Get paginated students - Page: 1, Per Page: 5
[2025-05-28 16:47:36] Get paginated students - Page: 1, Per Page: 5
[2025-05-28 16:47:39] Get paginated students - Page: 1, Per Page: 5
[2025-05-28 16:47:48] Get paginated students - Page: 1, Per Page: 5
[2025-05-29 17:32:23] Get paginated students - Page: 1, Per Page: 5
[2025-05-29 17:32:29] Get paginated students - Page: 1, Per Page: 5
[2025-05-29 17:32:38] Get paginated students - Page: 1, Per Page: 5
[2025-05-29 17:44:57] Get paginated students - Page: 1, Per Page: 5
[2025-05-30 20:58:11] Get paginated students - Page: 1, Per Page: 5
[2025-05-30 20:58:14] Get paginated students - Page: 1, Per Page: 5
[2025-05-30 20:58:17] Get paginated students - Page: 1, Per Page: 5
[2025-05-30 20:58:58] Get paginated students - Page: 1, Per Page: 5
[2025-05-30 20:59:00] Get paginated students - Page: 1, Per Page: 5
[2025-05-30 20:59:10] Get all students
[2025-05-30 21:21:52] Get paginated students - Page: 1, Per Page: 5
[2025-05-30 21:22:32] Get paginated students - Page: 1, Per Page: 5
[2025-05-30 21:22:43] Get all students
[2025-05-30 21:30:09] Get all students
[2025-05-30 21:33:17] Get all students
[2025-05-30 21:33:38] Get all students
[2025-05-30 21:37:04] Get all students
[2025-05-30 21:39:47] Get all students
[2025-05-30 21:39:50] Get all students
[2025-05-30 21:51:14] Get paginated students - Page: 1, Per Page: 5
[2025-05-30 21:51:49] Get paginated students - Page: 1, Per Page: 5
[2025-05-30 21:51:58] Get all students
[2025-05-30 22:57:44] Get all students
[2025-05-30 22:57:50] Get paginated students - Page: 1, Per Page: 5
[2025-05-30 22:57:56] Get paginated students - Page: 1, Per Page: 5
[2025-05-30 22:58:01] Get all students
[2025-05-31 09:30:43] Get paginated students - Page: 1, Per Page: 5
[2025-05-31 09:31:19] Get paginated students - Page: 1, Per Page: 5
[2025-05-31 09:31:21] Get all students
[2025-05-31 09:37:44] Get all students
[2025-05-31 09:37:46] Get all students
[2025-05-31 09:38:14] Get all students
[2025-05-31 09:55:06] Get all students
[2025-05-31 09:55:09] Get all students
[2025-05-31 10:00:09] Get all students
[2025-05-31 10:02:20] Get all students
[2025-05-31 10:02:37] Get all students
[2025-05-31 10:07:13] Get all students
[2025-05-31 10:11:04] Get all students
[2025-05-31 10:17:23] Get all students
[2025-05-31 10:25:29] Get all students
[2025-05-31 10:35:57] Get all students
[2025-05-31 10:58:00] Get all students
[2025-05-31 11:03:31] Get all students
[2025-05-31 11:04:43] Get all students
[2025-05-31 11:17:25] Get all students
[2025-05-31 11:45:51] Get all students
[2025-05-31 11:46:27] Get all students
[2025-05-31 11:47:20] Get paginated students - Page: 1, Per Page: 5
[2025-05-31 11:47:29] Get all students
[2025-05-31 11:47:47] Get all students
[2025-05-31 11:55:16] Get all students
[2025-05-31 12:00:01] Get all students
[2025-05-31 12:05:02] Get all students
[2025-05-31 12:05:44] Get all students
[2025-05-31 12:05:46] Get paginated students - Page: 1, Per Page: 5
[2025-05-31 12:05:51] Get paginated students - Page: 1, Per Page: 5
[2025-05-31 12:09:34] Get all students
[2025-05-31 12:09:36] Get paginated students - Page: 1, Per Page: 5
[2025-05-31 12:09:43] Get all students
[2025-05-31 12:09:45] Get paginated students - Page: 1, Per Page: 5
[2025-05-31 12:14:20] Get all students
[2025-05-31 12:14:22] Get paginated students - Page: 1, Per Page: 5
[2025-05-31 12:14:24] Get paginated students - Page: 1, Per Page: 5
[2025-05-31 12:17:17] Get all students
[2025-05-31 12:17:19] Get paginated students - Page: 1, Per Page: 5
[2025-05-31 12:17:20] Get paginated students - Page: 1, Per Page: 5
[2025-05-31 12:32:07] Get all students
[2025-05-31 12:32:08] Get paginated students - Page: 1, Per Page: 5
[2025-05-31 12:32:10] Get paginated students - Page: 1, Per Page: 5
[2025-05-31 12:32:14] Get paginated students - Page: 1, Per Page: 5
[2025-05-31 13:11:02] Get all students
[2025-05-31 13:11:05] Get paginated students - Page: 1, Per Page: 5
[2025-05-31 13:11:06] Get paginated students - Page: 1, Per Page: 5
[2025-05-31 13:11:10] Get all students
[2025-05-31 13:11:11] Get paginated students - Page: 1, Per Page: 5
[2025-05-31 13:11:16] Get paginated students - Page: 1, Per Page: 5
[2025-05-31 22:14:56] Get paginated students - Page: 1, Per Page: 5
[2025-06-01 14:58:07] Get all students
[2025-06-01 15:32:30] Get paginated students - Page: 1, Per Page: 5
[2025-06-01 15:32:36] Get paginated students - Page: 1, Per Page: 5
[2025-06-01 15:32:40] Get paginated students - Page: 1, Per Page: 5
[2025-06-01 15:42:34] Get paginated students - Page: 1, Per Page: 5
[2025-06-01 15:42:45] Get paginated students - Page: 1, Per Page: 5
[2025-06-01 15:42:49] Get all students
[2025-06-01 15:42:51] Get paginated students - Page: 1, Per Page: 5
[2025-06-01 15:43:00] Get paginated students - Page: 1, Per Page: 5
[2025-06-01 15:43:02] Get paginated students - Page: 1, Per Page: 5
[2025-06-01 15:43:20] Get all students
[2025-06-01 15:43:22] Get paginated students - Page: 1, Per Page: 5
[2025-06-01 15:43:22] Get paginated students - Page: 1, Per Page: 5
[2025-06-01 15:43:23] Get paginated students - Page: 1, Per Page: 5
[2025-06-01 15:49:16] Get all students
[2025-06-01 15:49:16] Get paginated students - Page: 1, Per Page: 5
[2025-06-01 15:49:18] Get paginated students - Page: 1, Per Page: 5
[2025-06-01 15:49:19] Get all students
[2025-06-01 15:49:21] Get paginated students - Page: 1, Per Page: 5
[2025-06-01 15:49:23] Get paginated students - Page: 1, Per Page: 5
[2025-06-01 15:49:28] Get paginated students - Page: 1, Per Page: 5
[2025-06-01 15:54:15] Get paginated students - Page: 1, Per Page: 5
[2025-06-01 15:54:16] Get paginated students - Page: 1, Per Page: 5
[2025-06-01 15:54:19] Get paginated students - Page: 1, Per Page: 5
[2025-06-01 15:54:21] Get all students
[2025-06-01 15:54:22] Get all students
[2025-06-01 15:54:24] Get paginated students - Page: 1, Per Page: 5
[2025-06-01 15:54:25] Get paginated students - Page: 1, Per Page: 5
[2025-06-01 16:03:08] Get all students
[2025-06-01 16:03:09] Get paginated students - Page: 1, Per Page: 5
[2025-06-01 16:03:10] Get paginated students - Page: 1, Per Page: 5
[2025-06-01 16:03:12] Get paginated students - Page: 1, Per Page: 5
[2025-06-01 16:03:27] Get all students
[2025-06-01 16:03:29] Get paginated students - Page: 1, Per Page: 5
[2025-06-01 16:03:30] Get paginated students - Page: 1, Per Page: 5
[2025-06-01 16:07:25] Get paginated students - Page: 1, Per Page: 5
[2025-06-01 16:07:27] Get all students
[2025-06-01 16:07:29] Get paginated students - Page: 1, Per Page: 5
[2025-06-01 16:07:30] Get paginated students - Page: 1, Per Page: 5
[2025-06-01 16:07:31] Get paginated students - Page: 1, Per Page: 5
[2025-06-01 16:16:06] Get all students
[2025-06-01 16:16:08] Get all students
[2025-06-01 16:16:09] Get paginated students - Page: 1, Per Page: 5
[2025-06-01 16:16:12] Get paginated students - Page: 1, Per Page: 5
[2025-06-01 16:16:17] Get paginated students - Page: 1, Per Page: 5
[2025-06-01 16:21:54] Get all students
[2025-06-01 16:21:56] Get paginated students - Page: 1, Per Page: 5
[2025-06-01 16:21:57] Get paginated students - Page: 1, Per Page: 5
[2025-06-01 16:22:01] Get paginated students - Page: 1, Per Page: 5
[2025-06-01 16:22:08] Get paginated students - Page: 1, Per Page: 5
[2025-06-01 16:22:11] Get paginated students - Page: 1, Per Page: 5
[2025-06-01 16:22:12] Get paginated students - Page: 1, Per Page: 5
[2025-06-01 16:22:13] Get all students
[2025-06-01 16:22:14] Get paginated students - Page: 1, Per Page: 5
[2025-06-01 16:22:16] Get paginated students - Page: 1, Per Page: 5
[2025-06-01 16:22:18] Get paginated students - Page: 1, Per Page: 5
[2025-06-01 16:31:44] Get all students
[2025-06-01 16:31:46] Get paginated students - Page: 1, Per Page: 5
[2025-06-01 16:31:52] Get all students
[2025-06-01 16:31:53] Get paginated students - Page: 1, Per Page: 5
[2025-06-01 16:36:56] Get all students
[2025-06-01 16:36:57] Get paginated students - Page: 1, Per Page: 5
[2025-06-01 16:36:58] Get paginated students - Page: 1, Per Page: 5
[2025-06-01 16:37:02] Get paginated students - Page: 1, Per Page: 5
[2025-06-01 16:49:13] Get all students
[2025-06-01 16:49:15] Get paginated students - Page: 1, Per Page: 5
[2025-06-01 16:49:16] Get paginated students - Page: 1, Per Page: 5
[2025-06-01 16:49:20] Get paginated students - Page: 1, Per Page: 5
[2025-06-01 16:49:22] Get paginated students - Page: 1, Per Page: 5
[2025-06-01 16:49:25] Get paginated students - Page: 1, Per Page: 5
[2025-06-01 16:49:27] Get paginated students - Page: 1, Per Page: 5
[2025-06-01 17:00:04] Get all students
[2025-06-01 17:00:05] Get paginated students - Page: 1, Per Page: 5
[2025-06-01 17:00:06] Get paginated students - Page: 1, Per Page: 5
[2025-06-01 17:00:08] Get paginated students - Page: 1, Per Page: 5
[2025-06-01 17:05:33] Get all students
[2025-06-01 17:05:35] Get paginated students - Page: 1, Per Page: 5
[2025-06-01 17:05:36] Get paginated students - Page: 1, Per Page: 5
[2025-06-01 17:06:00] Get all students
[2025-06-01 17:06:02] Get paginated students - Page: 1, Per Page: 5
[2025-06-01 17:06:15] Get paginated students - Page: 1, Per Page: 5
[2025-06-01 17:11:17] Get all students
[2025-06-01 17:11:19] Get paginated students - Page: 1, Per Page: 5
[2025-06-01 17:11:20] Get paginated students - Page: 1, Per Page: 5
[2025-06-01 17:12:04] Get paginated students - Page: 1, Per Page: 5
[2025-06-01 17:12:07] Get paginated students - Page: 1, Per Page: 5
[2025-06-01 17:12:10] Get paginated students - Page: 1, Per Page: 5
[2025-06-01 17:12:10] Get paginated students - Page: 1, Per Page: 5
[2025-06-01 17:15:24] Get all students
[2025-06-01 17:15:26] Get paginated students - Page: 1, Per Page: 5
[2025-06-01 17:15:31] Get paginated students - Page: 1, Per Page: 5
[2025-06-01 17:15:31] Get paginated students - Page: 1, Per Page: 5
[2025-06-01 17:15:32] Get paginated students - Page: 1, Per Page: 5
[2025-06-01 17:15:33] Get paginated students - Page: 1, Per Page: 5
[2025-06-01 17:15:36] Get paginated students - Page: 1, Per Page: 5
[2025-06-01 17:22:08] Get all students
[2025-06-01 17:22:11] Get paginated students - Page: 1, Per Page: 5
[2025-06-01 17:22:18] Get paginated students - Page: 1, Per Page: 5
[2025-06-01 17:22:22] Get paginated students - Page: 1, Per Page: 5
[2025-06-01 17:22:24] Get paginated students - Page: 1, Per Page: 5
[2025-06-01 17:23:04] Get all students
[2025-06-01 17:23:06] Get paginated students - Page: 1, Per Page: 5
[2025-06-01 17:23:21] Get paginated students - Page: 1, Per Page: 5
[2025-06-01 17:23:25] Get paginated students - Page: 1, Per Page: 5
[2025-06-01 17:35:49] Get all students
[2025-06-01 17:35:51] Get paginated students - Page: 1, Per Page: 5
[2025-06-01 17:36:02] Get all students
[2025-06-01 17:41:39] Get paginated students - Page: 1, Per Page: 5
[2025-06-01 17:41:48] Get paginated students - Page: 1, Per Page: 5
[2025-06-01 17:41:49] Get paginated students - Page: 1, Per Page: 5
[2025-06-01 17:51:36] Get all students
[2025-06-01 17:51:38] Get paginated students - Page: 1, Per Page: 5
[2025-06-01 17:52:06] Get paginated students - Page: 1, Per Page: 5
[2025-06-01 17:52:12] Get paginated students - Page: 1, Per Page: 5
[2025-06-01 18:07:18] Get all students
[2025-06-01 18:07:19] Get paginated students - Page: 1, Per Page: 5
[2025-06-01 18:08:12] Get all students
[2025-06-01 18:08:19] Get paginated students - Page: 1, Per Page: 5
[2025-06-01 18:08:21] Get paginated students - Page: 1, Per Page: 5
[2025-06-01 18:08:39] Get paginated students - Page: 1, Per Page: 5
[2025-06-01 18:08:39] Get paginated students - Page: 1, Per Page: 5
[2025-06-01 18:08:43] Get all students
[2025-06-01 18:08:44] Get paginated students - Page: 1, Per Page: 5
[2025-06-01 18:08:56] Get all students
[2025-06-01 18:08:58] Get paginated students - Page: 1, Per Page: 5
[2025-06-01 18:09:05] Get paginated students - Page: 1, Per Page: 5
[2025-06-01 18:09:07] Get paginated students - Page: 1, Per Page: 5
[2025-06-01 18:09:50] Get paginated students - Page: 1, Per Page: 5
[2025-06-01 18:09:51] Get paginated students - Page: 1, Per Page: 5
[2025-06-01 18:09:54] Get paginated students - Page: 1, Per Page: 5
[2025-06-01 18:13:28] Get paginated students - Page: 1, Per Page: 5
[2025-06-01 18:13:30] Get paginated students - Page: 1, Per Page: 5
[2025-06-01 18:13:37] Get all students
[2025-06-01 18:13:39] Get paginated students - Page: 1, Per Page: 5
[2025-06-01 18:25:43] Get paginated students - Page: 1, Per Page: 5
[2025-06-01 18:25:43] Get paginated students - Page: 1, Per Page: 5
[2025-06-01 18:25:47] Get all students
[2025-06-01 18:25:49] Get paginated students - Page: 1, Per Page: 5
[2025-06-01 18:26:25] Get paginated students - Page: 1, Per Page: 5
[2025-06-01 18:32:01] Get paginated students - Page: 1, Per Page: 5
[2025-06-01 18:35:51] Get all students
[2025-06-01 18:35:53] Get paginated students - Page: 1, Per Page: 5
[2025-06-01 18:35:54] Get paginated students - Page: 1, Per Page: 5
[2025-06-01 18:36:27] Get all students
[2025-06-01 18:36:33] Get paginated students - Page: 1, Per Page: 5
[2025-06-01 18:36:36] Get all students
[2025-06-01 18:36:37] Get paginated students - Page: 1, Per Page: 5
[2025-06-01 18:36:49] Get all students
[2025-06-01 18:36:51] Get paginated students - Page: 1, Per Page: 5
[2025-06-01 18:56:21] Get paginated students - Page: 1, Per Page: 5
[2025-06-01 19:10:33] Get paginated students - Page: 1, Per Page: 5
[2025-06-01 19:10:34] Get paginated students - Page: 1, Per Page: 5
[2025-06-01 19:10:34] Get paginated students - Page: 1, Per Page: 5
[2025-06-01 19:10:48] Get paginated students - Page: 1, Per Page: 5
[2025-06-01 19:10:49] Get all students
[2025-06-01 19:10:51] Get paginated students - Page: 1, Per Page: 5
[2025-06-01 19:11:42] Get paginated students - Page: 1, Per Page: 5
[2025-06-01 19:34:27] Get all students
[2025-06-01 19:34:29] Get paginated students - Page: 1, Per Page: 5
[2025-06-01 19:34:41] Get paginated students - Page: 1, Per Page: 5
[2025-06-01 19:34:41] Get paginated students - Page: 1, Per Page: 5
[2025-06-01 19:34:49] Get paginated students - Page: 1, Per Page: 5
[2025-06-01 19:35:18] Get all students
[2025-06-01 19:35:19] Get paginated students - Page: 1, Per Page: 5
[2025-06-01 20:34:38] Get paginated students - Page: 1, Per Page: 5
[2025-06-01 20:34:40] Get paginated students - Page: 1, Per Page: 5
[2025-06-01 20:34:42] Get paginated students - Page: 1, Per Page: 5
[2025-06-01 20:34:42] Get paginated students - Page: 1, Per Page: 5
[2025-06-01 20:34:45] Get paginated students - Page: 1, Per Page: 5
[2025-06-01 20:34:45] Get paginated students - Page: 1, Per Page: 5
[2025-06-01 20:34:47] Get paginated students - Page: 1, Per Page: 5
[2025-06-01 20:43:55] Get paginated students - Page: 1, Per Page: 5
[2025-06-01 20:43:59] Get all students
[2025-06-01 20:44:01] Get paginated students - Page: 1, Per Page: 5
[2025-06-01 20:48:54] Get all students
[2025-06-01 20:48:55] Get paginated students - Page: 1, Per Page: 5
[2025-06-01 20:48:58] Get paginated students - Page: 1, Per Page: 5
[2025-06-01 20:49:23] Get paginated students - Page: 1, Per Page: 5
[2025-06-01 20:49:25] Get all students
[2025-06-01 20:49:26] Get paginated students - Page: 1, Per Page: 5
[2025-06-01 20:49:28] Get paginated students - Page: 1, Per Page: 5
[2025-06-01 20:57:32] Get paginated students - Page: 1, Per Page: 5
[2025-06-01 20:57:32] Get paginated students - Page: 1, Per Page: 5
[2025-06-01 20:57:32] Get paginated students - Page: 1, Per Page: 5
[2025-06-01 20:57:56] Get all students
[2025-06-01 20:57:57] Get paginated students - Page: 1, Per Page: 5
[2025-06-01 20:58:06] Get all students
[2025-06-01 20:58:08] Get paginated students - Page: 1, Per Page: 5
[2025-06-01 20:58:08] Get paginated students - Page: 1, Per Page: 5
[2025-06-01 20:58:09] Get all students
[2025-06-01 20:58:10] Get paginated students - Page: 1, Per Page: 5
[2025-06-01 20:58:12] Get all students
[2025-06-01 20:58:12] Get paginated students - Page: 1, Per Page: 5
[2025-06-01 20:58:23] Get paginated students - Page: 1, Per Page: 5
[2025-06-01 20:58:34] Get all students
[2025-06-01 20:58:35] Get paginated students - Page: 1, Per Page: 5
[2025-06-01 21:13:52] Get all students
[2025-06-01 21:13:54] Get paginated students - Page: 1, Per Page: 5
[2025-06-01 21:14:12] Get paginated students - Page: 1, Per Page: 5
[2025-06-01 21:15:38] Get paginated students - Page: 1, Per Page: 5
[2025-06-01 21:16:16] Get all students
[2025-06-01 21:16:20] Get all students
[2025-06-01 21:16:43] Get all students
[2025-06-01 21:16:48] Get paginated students - Page: 1, Per Page: 5
[2025-06-01 21:16:50] Get paginated students - Page: 1, Per Page: 5
[2025-06-01 21:16:51] Get paginated students - Page: 1, Per Page: 5
[2025-06-01 21:18:35] Get paginated students - Page: 1, Per Page: 5
[2025-06-01 21:18:39] Get all students
[2025-06-01 21:18:46] Get paginated students - Page: 1, Per Page: 5
[2025-06-01 21:18:48] Get paginated students - Page: 1, Per Page: 5
[2025-06-01 21:18:55] Get paginated students - Page: 1, Per Page: 5
[2025-06-01 21:18:59] Get all students
[2025-06-01 21:18:59] Get paginated students - Page: 1, Per Page: 5
[2025-06-01 21:19:01] Get paginated students - Page: 1, Per Page: 5
[2025-06-01 21:19:03] Get all students
[2025-06-01 21:19:03] Get paginated students - Page: 1, Per Page: 5
[2025-06-01 21:19:04] Get paginated students - Page: 1, Per Page: 5
[2025-06-01 21:19:04] Get paginated students - Page: 1, Per Page: 5
[2025-06-01 21:19:09] Get paginated students - Page: 1, Per Page: 5
[2025-06-01 21:19:12] Get paginated students - Page: 1, Per Page: 5
[2025-06-01 21:23:42] Get all students
[2025-06-01 21:23:43] Get paginated students - Page: 1, Per Page: 5
[2025-06-01 21:23:44] Get paginated students - Page: 1, Per Page: 5
[2025-06-01 21:23:44] Get paginated students - Page: 1, Per Page: 5
[2025-06-01 21:24:04] Get all students
[2025-06-01 21:24:06] Get paginated students - Page: 1, Per Page: 5
[2025-06-01 21:24:22] Get all students
[2025-06-01 21:24:23] Get paginated students - Page: 1, Per Page: 5
[2025-06-01 21:25:21] Get all students
[2025-06-01 21:25:23] Get paginated students - Page: 1, Per Page: 5
[2025-06-01 21:25:26] Get paginated students - Page: 1, Per Page: 5
[2025-06-01 21:25:27] Get paginated students - Page: 1, Per Page: 5
[2025-06-01 21:25:36] Get all students
[2025-06-01 21:25:36] Get paginated students - Page: 1, Per Page: 5
[2025-06-01 21:26:10] Get all students
[2025-06-01 21:26:12] Get paginated students - Page: 1, Per Page: 5
[2025-06-01 21:26:33] Get all students
[2025-06-01 21:26:35] Get paginated students - Page: 1, Per Page: 5
[2025-06-01 21:27:07] Get all students
[2025-06-01 21:27:59] Get paginated students - Page: 1, Per Page: 5
[2025-06-01 21:28:47] Get all students
[2025-06-01 21:30:53] Get all students
[2025-06-01 21:30:58] Get all students
[2025-06-01 21:31:35] Get all students
[2025-06-01 21:31:47] Get all students
[2025-06-01 21:31:50] Get all students
[2025-06-01 21:32:13] Get all students
[2025-06-01 21:51:54] Get all students
[2025-06-01 21:52:03] Get all students
[2025-06-01 21:53:20] Get all students
[2025-06-01 21:53:23] Get paginated students - Page: 1, Per Page: 5
[2025-06-01 21:53:27] Get all students
[2025-06-01 21:55:54] Get all students
[2025-06-01 22:00:53] Get all students
[2025-06-01 22:06:43] Get all students
[2025-06-01 22:07:04] Get all students
[2025-06-01 22:18:58] Get all students
[2025-06-01 22:19:18] Get all students
[2025-06-01 22:19:28] Get all students
[2025-06-01 22:24:14] Get all students
[2025-06-01 22:24:23] Get all students
[2025-06-02 15:49:12] Get all students
[2025-06-02 16:25:23] Get all students
[2025-06-02 16:29:42] Get all students
[2025-06-02 16:31:49] Get all students
[2025-06-02 16:34:30] Get all students
[2025-06-02 16:38:26] Get paginated students - Page: 1, Per Page: 5
[2025-06-02 16:38:29] Get all students
