[2025-04-22 17:49:29] Login
[2025-04-22 17:49:29] Email: tralalelo@gmail.com
[2025-04-22 17:49:29] Password: testtest
[2025-04-22 17:49:53] Login
[2025-04-22 17:49:53] Email: tralalelo@gmail.com
[2025-04-22 17:49:53] Password: testtest
[2025-04-22 17:50:03] Profile edit!!! 
[2025-04-22 17:50:03] Email: tralalelo@gmail.com
[2025-04-22 17:50:03] Password: 
[2025-04-22 17:50:08] Login
[2025-04-22 17:50:08] Email: tralalelo@gmail.com
[2025-04-22 17:50:08] Password: testtest
[2025-04-22 17:57:34] Login
[2025-04-22 17:57:34] Email: test.testtest@student.ua
[2025-04-22 17:57:34] Password: testtest
[2025-04-22 18:19:53] Login
[2025-04-22 18:19:53] Email: tralalelo@gmail.com
[2025-04-22 18:19:53] Password: testtest
[2025-04-23 11:40:34] Login
[2025-04-23 11:40:34] Email: tralalelo@gmail.com
[2025-04-23 11:40:34] Password: testtest
[2025-04-23 16:35:38] Login
[2025-04-23 16:35:38] Email: jdaoi.doijsa@student.ua
[2025-04-23 16:35:38] Password: doijsa
[2025-04-23 16:49:03] Login
[2025-04-23 16:49:03] Email: tralalelo@gmail.com
[2025-04-23 16:49:03] Password: testtest
[2025-04-23 18:26:21] Profile edit!!! 
[2025-04-23 18:26:21] Email: tralalelo@gmail.com
[2025-04-23 18:26:21] Password: 
[2025-04-23 18:32:40] Edit profile function called in User.php
[2025-04-23 18:32:40] Profile edit!!! 
[2025-04-23 18:32:40] Email: tralalelo@gmail.com
[2025-04-23 18:32:40] Password: 
[2025-04-23 18:34:54] Edit profile function called in User.php
[2025-04-23 18:34:54] File upload successful
[2025-04-23 18:34:54] Profile edit!!! 
[2025-04-23 18:34:54] Email: tralalelo@gmail.com
[2025-04-23 18:34:54] Password: 
[2025-04-23 18:38:17] Edit profile function called in User.php
[2025-04-23 18:38:17] File upload successful
[2025-04-23 18:38:17] Profile edit!!! 
[2025-04-23 18:38:17] Email: tralalelo@gmail.com
[2025-04-23 18:38:17] Password: 
[2025-04-23 18:39:13] Edit profile function called in User.php
[2025-04-23 18:39:13] File upload successful
[2025-04-23 18:39:13] Profile edit!!! 
[2025-04-23 18:39:13] Email: tralalelo@gmail.com
[2025-04-23 18:39:13] Password: 
[2025-04-23 18:39:52] Login
[2025-04-23 18:39:52] Email: tralalelo@gmail.com
[2025-04-23 18:39:52] Password: testtest
[2025-04-23 18:45:24] Login
[2025-04-23 18:45:24] Email: tralalelo@gmail.com
[2025-04-23 18:45:24] Password: testtest
[2025-04-23 19:12:17] Login
[2025-04-23 19:12:17] Email: Oleksandr.Zelinskyi@student.ua
[2025-04-23 19:12:17] Password: Zelinskyi
[2025-04-23 19:13:51] Edit profile function called in User.php
[2025-04-23 19:13:51] File upload successful
[2025-04-23 19:13:51] Profile edit!!! 
[2025-04-23 19:13:51] Email: Oleksandr.Zelinskyi@student.ua
[2025-04-23 19:13:51] Password: 
[2025-04-23 19:13:58] Login
[2025-04-23 19:13:58] Email: Oleksandr.Zelinskyi@student.ua
[2025-04-23 19:13:58] Password: testtest
[2025-04-23 19:26:27] Edit profile function called in User.php
[2025-04-23 19:26:27] File upload successful
[2025-04-23 19:26:27] Profile edit!!! 
[2025-04-23 19:26:27] Email: tralalelo@gmail.com
[2025-04-23 19:26:27] Password: 
[2025-04-23 19:26:55] Login
[2025-04-23 19:26:55] Email: tralalelo@gmail.com
[2025-04-23 19:26:55] Password: testtest
[2025-04-23 19:27:23] Edit profile function called in User.php
[2025-04-23 19:27:23] Profile edit!!! 
[2025-04-23 19:27:23] Email: tralalelo@gmail.com
[2025-04-23 19:27:23] Password: 
[2025-04-23 19:27:43] Login
[2025-04-23 19:27:43] Email: tralalelo@gmail.com
[2025-04-23 19:27:43] Password: testtest
